# JRE version: OpenJDK Runtime Environment (17.0.11) (build 17.0.11+0--11852314)
# Java VM: OpenJDK 64-Bit Server VM (17.0.11+0--11852314, mixed mode, tiered, compressed oops, compressed class ptrs, g1 gc, windows-amd64)
GC Precious Log:
 CPUs: 4 total, 4 available
 Memory: 8097M
 Large Page Support: Disabled
 NUMA Support: Disabled
 Compressed Oops: Enabled (32-bit)
 Heap Region Size: 1M
 Heap Min Capacity: 8M
 Heap Initial Capacity: 128M
 Heap Max Capacity: 2G
 Pre-touch: Disabled
 Parallel Workers: 4
 Concurrent Workers: 1
 Concurrent Refinement Workers: 4
 Periodic GC: Disabled
Heap:
 garbage-first heap   total 447488K, used 185365K [0x0000000080000000, 0x0000000100000000)
  region size 1024K, 48 young (49152K), 14 survivors (14336K)
 Metaspace       used 176475K, committed 177728K, reserved 1245184K
  class space    used 22527K, committed 23168K, reserved 1048576K
GC Heap History (20 events):
Event: 2256.521 GC heap before
{Heap before GC invocations=100 (full 0):
 garbage-first heap   total 731136K, used 236343K [0x0000000080000000, 0x0000000100000000)
  region size 1024K, 35 young (35840K), 21 survivors (21504K)
 Metaspace       used 182468K, committed 183552K, reserved 1245184K
  class space    used 23363K, committed 23872K, reserved 1048576K
}
Event: 2256.560 GC heap after
{Heap after GC invocations=101 (full 0):
 garbage-first heap   total 731136K, used 198741K [0x0000000080000000, 0x0000000100000000)
  region size 1024K, 3 young (3072K), 3 survivors (3072K)
 Metaspace       used 182468K, committed 183552K, reserved 1245184K
  class space    used 23363K, committed 23872K, reserved 1048576K
}
Event: 2257.102 GC heap before
{Heap before GC invocations=101 (full 0):
 garbage-first heap   total 731136K, used 212053K [0x0000000080000000, 0x0000000100000000)
  region size 1024K, 17 young (17408K), 3 survivors (3072K)
 Metaspace       used 182544K, committed 183616K, reserved 1245184K
  class space    used 23373K, committed 23872K, reserved 1048576K
}
Event: 2257.105 GC heap after
{Heap after GC invocations=102 (full 0):
 garbage-first heap   total 731136K, used 197716K [0x0000000080000000, 0x0000000100000000)
  region size 1024K, 2 young (2048K), 2 survivors (2048K)
 Metaspace       used 182544K, committed 183616K, reserved 1245184K
  class space    used 23373K, committed 23872K, reserved 1048576K
}
Event: 3782.437 GC heap before
{Heap before GC invocations=103 (full 0):
 garbage-first heap   total 731136K, used 672852K [0x0000000080000000, 0x0000000100000000)
  region size 1024K, 381 young (390144K), 2 survivors (2048K)
 Metaspace       used 183426K, committed 184640K, reserved 1245184K
  class space    used 23459K, committed 24064K, reserved 1048576K
}
Event: 3782.575 GC heap after
{Heap after GC invocations=104 (full 0):
 garbage-first heap   total 731136K, used 216801K [0x0000000080000000, 0x0000000100000000)
  region size 1024K, 23 young (23552K), 23 survivors (23552K)
 Metaspace       used 183426K, committed 184640K, reserved 1245184K
  class space    used 23459K, committed 24064K, reserved 1048576K
}
Event: 3783.392 GC heap before
{Heap before GC invocations=104 (full 0):
 garbage-first heap   total 731136K, used 315105K [0x0000000080000000, 0x0000000100000000)
  region size 1024K, 35 young (35840K), 23 survivors (23552K)
 Metaspace       used 183467K, committed 184704K, reserved 1245184K
  class space    used 23465K, committed 24064K, reserved 1048576K
}
Event: 3783.636 GC heap after
{Heap after GC invocations=105 (full 0):
 garbage-first heap   total 731136K, used 206261K [0x0000000080000000, 0x0000000100000000)
  region size 1024K, 2 young (2048K), 2 survivors (2048K)
 Metaspace       used 183467K, committed 184704K, reserved 1245184K
  class space    used 23465K, committed 24064K, reserved 1048576K
}
Event: 3988.221 GC heap before
{Heap before GC invocations=105 (full 0):
 garbage-first heap   total 731136K, used 533941K [0x0000000080000000, 0x0000000100000000)
  region size 1024K, 324 young (331776K), 2 survivors (2048K)
 Metaspace       used 183822K, committed 185024K, reserved 1245184K
  class space    used 23466K, committed 24064K, reserved 1048576K
}
Event: 3988.263 GC heap after
{Heap after GC invocations=106 (full 0):
 garbage-first heap   total 731136K, used 226957K [0x0000000080000000, 0x0000000100000000)
  region size 1024K, 23 young (23552K), 23 survivors (23552K)
 Metaspace       used 183822K, committed 185024K, reserved 1245184K
  class space    used 23466K, committed 24064K, reserved 1048576K
}
Event: 4143.229 GC heap before
{Heap before GC invocations=107 (full 0):
 garbage-first heap   total 731136K, used 594573K [0x0000000080000000, 0x0000000100000000)
  region size 1024K, 303 young (310272K), 23 survivors (23552K)
 Metaspace       used 184253K, committed 185408K, reserved 1245184K
  class space    used 23468K, committed 24064K, reserved 1048576K
}
Event: 4143.302 GC heap after
{Heap after GC invocations=108 (full 0):
 garbage-first heap   total 731136K, used 217600K [0x0000000080000000, 0x0000000100000000)
  region size 1024K, 3 young (3072K), 3 survivors (3072K)
 Metaspace       used 184253K, committed 185408K, reserved 1245184K
  class space    used 23468K, committed 24064K, reserved 1048576K
}
Event: 4144.091 GC heap before
{Heap before GC invocations=108 (full 0):
 garbage-first heap   total 731136K, used 249344K [0x0000000080000000, 0x0000000100000000)
  region size 1024K, 35 young (35840K), 3 survivors (3072K)
 Metaspace       used 184298K, committed 185536K, reserved 1245184K
  class space    used 23468K, committed 24064K, reserved 1048576K
}
Event: 4144.129 GC heap after
{Heap after GC invocations=109 (full 0):
 garbage-first heap   total 731136K, used 209408K [0x0000000080000000, 0x0000000100000000)
  region size 1024K, 5 young (5120K), 5 survivors (5120K)
 Metaspace       used 184298K, committed 185536K, reserved 1245184K
  class space    used 23468K, committed 24064K, reserved 1048576K
}
Event: 4169.688 GC heap before
{Heap before GC invocations=109 (full 0):
 garbage-first heap   total 731136K, used 475648K [0x0000000080000000, 0x0000000100000000)
  region size 1024K, 267 young (273408K), 5 survivors (5120K)
 Metaspace       used 184491K, committed 185664K, reserved 1245184K
  class space    used 23470K, committed 24064K, reserved 1048576K
}
Event: 4169.723 GC heap after
{Heap after GC invocations=110 (full 0):
 garbage-first heap   total 731136K, used 227077K [0x0000000080000000, 0x0000000100000000)
  region size 1024K, 23 young (23552K), 23 survivors (23552K)
 Metaspace       used 184491K, committed 185664K, reserved 1245184K
  class space    used 23470K, committed 24064K, reserved 1048576K
}
Event: 8305.419 GC heap before
{Heap before GC invocations=111 (full 0):
 garbage-first heap   total 731136K, used 418565K [0x0000000080000000, 0x0000000100000000)
  region size 1024K, 127 young (130048K), 23 survivors (23552K)
 Metaspace       used 175932K, committed 177600K, reserved 1245184K
  class space    used 22459K, committed 23168K, reserved 1048576K
}
Event: 8305.964 GC heap after
{Heap after GC invocations=112 (full 1):
 garbage-first heap   total 447488K, used 132117K [0x0000000080000000, 0x0000000100000000)
  region size 1024K, 0 young (0K), 0 survivors (0K)
 Metaspace       used 175932K, committed 177600K, reserved 1245184K
  class space    used 22459K, committed 23168K, reserved 1048576K
}
Event: 12593.731 GC heap before
{Heap before GC invocations=112 (full 1):
 garbage-first heap   total 447488K, used 358421K [0x0000000080000000, 0x0000000100000000)
  region size 1024K, 221 young (226304K), 0 survivors (0K)
 Metaspace       used 176453K, committed 177664K, reserved 1245184K
  class space    used 22521K, committed 23168K, reserved 1048576K
}
Event: 12593.818 GC heap after
{Heap after GC invocations=113 (full 1):
 garbage-first heap   total 447488K, used 146453K [0x0000000080000000, 0x0000000100000000)
  region size 1024K, 14 young (14336K), 14 survivors (14336K)
 Metaspace       used 176453K, committed 177664K, reserved 1245184K
  class space    used 22521K, committed 23168K, reserved 1048576K
}

